-------------------------------------------------------------------------------
>Log Session: Wednesday, February 22, 2017 12:55:25 PM CET
>System Info: 
  Product Version         = NetBeans IDE 8.2 (Build 201609300101) (#5fd841261bf9)
  Operating System        = Linux version 4.9.10-nvme running on amd64
  Java; VM; Vendor        = 1.8.0_121; OpenJDK 64-Bit Server VM 25.121-b13; Oracle Corporation
  Runtime                 = OpenJDK Runtime Environment 1.8.0_121-b13
  Java Home               = /usr/lib/jvm/java-8-openjdk/jre
  System Locale; Encoding = es_ES (nb); UTF-8
  Home Directory          = /home/antcc
  Current Directory       = /home/antcc
  User Directory          = /home/antcc/.netbeans/8.2
  Cache Directory         = /home/antcc/.cache/netbeans/8.2
  Installation            = /usr/share/netbeans/nb
                            /usr/share/netbeans/ide
                            /usr/share/netbeans/extide
                            /usr/share/netbeans/java
                            /usr/share/netbeans/apisupport
                            /usr/share/netbeans/websvccommon
                            /usr/share/netbeans/profiler
                            /usr/share/netbeans/harness
                            /usr/share/netbeans/javafx
                            /usr/share/netbeans/platform
  Boot & Ext. Classpath   = /usr/lib/jvm/java-8-openjdk/jre/lib/resources.jar:/usr/lib/jvm/java-8-openjdk/jre/lib/rt.jar:/usr/lib/jvm/java-8-openjdk/jre/lib/sunrsasign.jar:/usr/lib/jvm/java-8-openjdk/jre/lib/jsse.jar:/usr/lib/jvm/java-8-openjdk/jre/lib/jce.jar:/usr/lib/jvm/java-8-openjdk/jre/lib/charsets.jar:/usr/lib/jvm/java-8-openjdk/jre/lib/jfr.jar:/usr/lib/jvm/java-8-openjdk/jre/classes:/usr/lib/jvm/java-8-openjdk/jre/lib/ext/sunpkcs11.jar:/usr/lib/jvm/java-8-openjdk/jre/lib/ext/sunec.jar:/usr/lib/jvm/java-8-openjdk/jre/lib/ext/zipfs.jar:/usr/lib/jvm/java-8-openjdk/jre/lib/ext/sunjce_provider.jar:/usr/lib/jvm/java-8-openjdk/jre/lib/ext/localedata.jar:/usr/lib/jvm/java-8-openjdk/jre/lib/ext/jaccess.jar:/usr/lib/jvm/java-8-openjdk/jre/lib/ext/cldrdata.jar:/usr/lib/jvm/java-8-openjdk/jre/lib/ext/dnsns.jar:/usr/lib/jvm/java-8-openjdk/jre/lib/ext/nashorn.jar
  Application Classpath   = /usr/share/netbeans/platform/lib/boot.jar:/usr/share/netbeans/platform/lib/org-openide-modules.jar:/usr/share/netbeans/platform/lib/org-openide-util.jar:/usr/share/netbeans/platform/lib/org-openide-util-lookup.jar:/usr/share/netbeans/platform/lib/org-openide-util-ui.jar:/usr/share/netbeans/platform/lib/locale/boot_ja.jar:/usr/share/netbeans/platform/lib/locale/boot_pt_BR.jar:/usr/share/netbeans/platform/lib/locale/boot_ru.jar:/usr/share/netbeans/platform/lib/locale/boot_zh_CN.jar:/usr/share/netbeans/platform/lib/locale/org-openide-modules_ja.jar:/usr/share/netbeans/platform/lib/locale/org-openide-modules_pt_BR.jar:/usr/share/netbeans/platform/lib/locale/org-openide-modules_ru.jar:/usr/share/netbeans/platform/lib/locale/org-openide-modules_zh_CN.jar:/usr/share/netbeans/platform/lib/locale/org-openide-util_ja.jar:/usr/share/netbeans/platform/lib/locale/org-openide-util-lookup_ja.jar:/usr/share/netbeans/platform/lib/locale/org-openide-util-lookup_pt_BR.jar:/usr/share/netbeans/platform/lib/locale/org-openide-util-lookup_ru.jar:/usr/share/netbeans/platform/lib/locale/org-openide-util-lookup_zh_CN.jar:/usr/share/netbeans/platform/lib/locale/org-openide-util_pt_BR.jar:/usr/share/netbeans/platform/lib/locale/org-openide-util_ru.jar:/usr/share/netbeans/platform/lib/locale/org-openide-util-ui_ja.jar:/usr/share/netbeans/platform/lib/locale/org-openide-util-ui_pt_BR.jar:/usr/share/netbeans/platform/lib/locale/org-openide-util-ui_ru.jar:/usr/share/netbeans/platform/lib/locale/org-openide-util-ui_zh_CN.jar:/usr/share/netbeans/platform/lib/locale/org-openide-util_zh_CN.jar:/usr/lib/jvm/default/lib/dt.jar:/usr/lib/jvm/default/lib/tools.jar
  Startup Classpath       = /usr/share/netbeans/platform/core/core.jar:/usr/share/netbeans/platform/core/org-openide-filesystems.jar:/usr/share/netbeans/platform/core/core-base.jar:/usr/share/netbeans/platform/core/org-openide-filesystems-compat8.jar:/usr/share/netbeans/platform/core/asm-all-5.0.1.jar:/usr/share/netbeans/platform/core/org-netbeans-libs-asm.jar:/usr/share/netbeans/platform/core/locale/org-openide-filesystems_zh_CN.jar:/usr/share/netbeans/platform/core/locale/org-openide-filesystems-compat8_ru.jar:/usr/share/netbeans/platform/core/locale/org-openide-filesystems_ja.jar:/usr/share/netbeans/platform/core/locale/org-openide-filesystems-compat8_zh_CN.jar:/usr/share/netbeans/platform/core/locale/org-openide-filesystems_pt_BR.jar:/usr/share/netbeans/platform/core/locale/core-base_ja.jar:/usr/share/netbeans/platform/core/locale/core_ru.jar:/usr/share/netbeans/platform/core/locale/org-netbeans-libs-asm_zh_CN.jar:/usr/share/netbeans/platform/core/locale/core-base_pt_BR.jar:/usr/share/netbeans/platform/core/locale/core-base_ru.jar:/usr/share/netbeans/platform/core/locale/core_zh_CN.jar:/usr/share/netbeans/platform/core/locale/core_ja.jar:/usr/share/netbeans/platform/core/locale/org-netbeans-libs-asm_ru.jar:/usr/share/netbeans/platform/core/locale/org-openide-filesystems-compat8_ja.jar:/usr/share/netbeans/platform/core/locale/org-openide-filesystems-compat8_pt_BR.jar:/usr/share/netbeans/platform/core/locale/core-base_zh_CN.jar:/usr/share/netbeans/platform/core/locale/org-openide-filesystems_ru.jar:/usr/share/netbeans/platform/core/locale/core_pt_BR.jar:/usr/share/netbeans/platform/core/locale/org-netbeans-libs-asm_pt_BR.jar:/usr/share/netbeans/platform/core/locale/org-netbeans-libs-asm_ja.jar:/usr/share/netbeans/nb/core/org-netbeans-upgrader.jar:/usr/share/netbeans/nb/core/locale/core_nb_ja.jar:/usr/share/netbeans/nb/core/locale/core_nb_zh_CN.jar:/usr/share/netbeans/nb/core/locale/org-netbeans-upgrader_pt_BR.jar:/usr/share/netbeans/nb/core/locale/org-netbeans-upgrader_ja.jar:/usr/share/netbeans/nb/core/locale/core_nb_ru.jar:/usr/share/netbeans/nb/core/locale/org-netbeans-upgrader_ru.jar:/usr/share/netbeans/nb/core/locale/org-netbeans-upgrader_zh_CN.jar:/usr/share/netbeans/nb/core/locale/core_nb.jar:/usr/share/netbeans/nb/core/locale/core_nb_pt_BR.jar
-------------------------------------------------------------------------------
INFO [org.netbeans.modules.netbinox]: Install area set to file:/usr/share/netbeans/
WARNING [org.netbeans.core.modules]: the modules [org.netbeans.modules.form.nb] use org.jdesktop.layout which is deprecated: Use javax.swing.GroupLayout instead. (In form editor: select Form ... in Inspector; change Layout Generation Style to Standard Java 6 code.)
WARNING [org.netbeans.core.modules]: the modules [org.netbeans.modules.java.editor.lib, org.netbeans.modules.xml.text] use org.netbeans.modules.editor.deprecated.pre65formatting which is deprecated.
WARNING [org.netbeans.core.modules]: the modules [org.netbeans.modules.ide.kit, org.netbeans.modules.xml.text] use org.netbeans.modules.editor.structure which is deprecated.
WARNING [org.netbeans.core.modules]: the modules [org.netbeans.modules.apisupport.ant, org.netbeans.modules.java.hints, org.netbeans.modules.maven.hints] use org.netbeans.modules.java.hints.legacy.spi which is deprecated: Use Java Hints SPI (org.netbeans.spi.java.hints) instead.
INFO [org.netbeans.core.startup.NbEvents]: Turning on modules:
	org.openide.util.lookup [8.33.1 201609300101]
	org.openide.util [9.7.1 201609300101]
	org.openide.util.ui [9.6.1 201609300101]
	org.openide.modules [7.48.1 201609300101]
	org.netbeans.api.annotations.common/1 [1.27.1 201609300101]
	org.openide.filesystems [9.10.1 201609300101]
	org.openide.awt [7.67.1 201609300101]
	org.netbeans.api.progress/1 [1.47.1 201609300101]
	org.netbeans.api.progress.nb [1.47.1 201609300101]
	org.openide.dialogs [7.42.1 201609300101]
	org.openide.nodes [7.45.1 201609300101]
	org.openide.windows [6.75.1 201609300101]
	org.netbeans.modules.editor.mimelookup/1 [1.40.1 201609300101]
	org.openide.text [6.67.1 201609300101]
	org.netbeans.swing.tabcontrol [1.56.1 201609300101]
	org.netbeans.swing.outline [1.34.1 201609300101]
	org.openide.explorer [6.62.1 201609300101]
	org.openide.actions [6.39.1 201609300101]
	org.netbeans.modules.queries/1 [1.43.1 201609300101]
	org.netbeans.api.templates [1.7.1 201609300101]
	org.openide.filesystems.nb [9.9.1 201609300101]
	org.openide.loaders [7.66.1 201609300101]
	org.netbeans.api.intent [1.2.1 201609300101]
	org.netbeans.api.io [1.3.1 201609300101]
	org.openide.io [1.49.1 201609300101]
	org.openide.filesystems.compat8 [9.9.1 201609300101]
	org.openide.execution [9.3.1 201609300101]
	org.netbeans.upgrader [4.35.1 201609300101]
	org.netbeans.swing.plaf [1.41.1 201609300101]
	org.netbeans.modules.projectapi/1 [1.66.1 201609300101]
	org.netbeans.swing.dirchooser [1.29.1 201609300101]
	org.netbeans.spi.viewmodel/2 [1.51.1 201609300101]
	org.netbeans.spi.tasklist/1 [1.35.1.1 1 201609300101]
	org.netbeans.spi.quicksearch [1.27.1 201609300101]
	org.netbeans.spi.palette/1 [1.46.1 201609300101]
	org.netbeans.spi.navigator/1 [1.37.1 201609300101]
	org.netbeans.modules.editor.util/1 [1.64.1 201609300101]
	org.netbeans.modules.editor.settings.lib [1.51.1.1 1 201609300101]
	org.netbeans.modules.editor.settings/1 [1.56.1 201609300101]
	org.netbeans.modules.lexer/2 [1.63.1.1 1 201609300101]
	org.netbeans.modules.editor.fold/1 [1.45.1 201609300101]
	org.netbeans.modules.editor.document [1.9.1.3 3 201609300101]
	org.netbeans.modules.editor.lib2/1 [2.16.1.55.3 55 201609300101]
	org.netbeans.modules.editor.guards/1 [1.33.1 201609300101]
	org.netbeans.modules.editor.indent/2 [1.43.1 201609300101]
	org.netbeans.modules.editor.lib/3 [4.7.1.23.3.55 23 201609300101]
	org.netbeans.modules.keyring [1.24.1 201609300101]
	org.netbeans.libs.asm [5.3.1 201609300101]
	org.netbeans.bootstrap/1 [2.76.1 201609300101]
	org.netbeans.core.startup.base [1.62.1.1 1 201609300101]
	org.netbeans.core.startup/1 [1.62.1.1 201609300101]
	org.netbeans.modules.sampler [1.14.1 201609300101]
	org.netbeans.core/2 [3.51.1 201609300101]
	org.netbeans.modules.options.api/1 [1.45.1 201609300101]
	org.netbeans.modules.options.keymap [1.37.1 201609300101]
	org.netbeans.modules.editor.settings.storage/1 [1.51.1.1 201609300101]
	org.netbeans.modules.editor.fold.nbui [1.12.1.55 201609300101]
	org.netbeans.modules.editor/3 [1.87.1.6.3.23.55 6 201609300101]
	org.netbeans.libs.javacapi [8.15.1.3 3 201609300101]
	org.netbeans.libs.javacimpl/1 [0.43.1.25 25 201609300101]
	org.netbeans.lib.nbjavac [1.16.1.2.25 2 201609300101]
	org.netbeans.modules.editor.errorstripe.api/1 [2.32.1.1 1 201609300101]
	org.netbeans.api.java.classpath/1 [1.52.1 201609300101]
	org.netbeans.api.java/1 [1.60.1 201609300101]
	org.netbeans.modules.java.platform/1 [1.41.1 201609300101]
	org.netbeans.modules.options.editor/1 [1.58.1 201609300101]
	org.netbeans.modules.editor.errorstripe/2 [2.34.1.1.1 1 201609300101]
	org.netbeans.modules.diff/1 [1.51.1.42.1 42 201609300101]
	org.netbeans.libs.lucene/3 [3.19.1 201609300101]
	org.netbeans.modules.masterfs/2 [2.55.1.2 2 201609300101]
	org.netbeans.modules.parsing.lucene/2 [2.35.1.1 1 201609300101]
	org.netbeans.modules.parsing.api/1 [9.6.1.8 8 201609300101]
	org.netbeans.modules.projectuiapi.base/1 [1.85.1.9 9 201609300101]
	org.netbeans.modules.project.indexingbridge [1.17.1 201609300101]
	org.netbeans.modules.parsing.indexing [9.8.1.1.3.8 1 201609300101]
	org.netbeans.modules.refactoring.api [1.47.1.1 1 201609300101]
	org.netbeans.modules.classfile/1 [1.49.1 201609300101]
	org.netbeans.modules.editor.indent.support [1.42.1 201609300101]
	org.netbeans.modules.projectuiapi/1 [1.88.1.8 8 201609300101]
	org.netbeans.modules.editor.indent.project/0 [1.22.1 201609300101]
	org.netbeans.core.multiview/1 [1.44.1 201609300101]
	org.netbeans.modules.java.lexer/1 [1.32.1 201609300101]
	org.netbeans.modules.java.preprocessorbridge [1.42.1.1 1 201609300101]
	org.netbeans.modules.java.source.base [2.20.1.2.2.25.8.1 2 201609300101]
	org.netbeans.modules.java.source [0.158.1.32.2.25.2.1 32 201609300101]
	org.netbeans.modules.project.spi.intern [1.3.1 201609300101]
	org.netbeans.modules.project.libraries/1 [1.53.1 201609300101]
	org.apache.xml.resolver [1.31.1.12 12 201609300101]
	org.netbeans.api.xml/1 [1.44.1 201609300101]
	org.netbeans.modules.xml.catalog/2 [3.3.1.4 4 201609300101]
	org.netbeans.modules.project.ant/1 [1.66.1 201609300101]
	org.netbeans.modules.java.project/1 [1.66.1 201609300101]
	org.netbeans.modules.settings/1 [1.49.1 201609300101]
	org.netbeans.spi.editor.hints/0 [1.40.1.7.55 7 201609300101]
	org.netbeans.modules.autoupdate.services [1.52.1 201609300101]
	org.netbeans.modules.autoupdate.ui [1.45.1 201609300101]
	org.netbeans.core.windows/2 [2.81.1 201609300101]
	org.netbeans.modules.code.analysis/0 [1.26.1 201609300101]
	org.netbeans.spi.java.hints [1.29.1.13.2.25.32.2.8 13 201609300101]
	org.netbeans.modules.editor.tools.storage [1.8.1 201609300101]
	org.netbeans.spi.editor.hints.projects [1.11.1.1.7 1 201609300101]
	org.netbeans.api.debugger/1 [1.54.1 201609300101]
	org.netbeans.spi.debugger.ui/1 [2.54.1 201609300101]
	org.netbeans.api.debugger.jpda/2 [3.5.1 201609300101]
	org.netbeans.spi.debugger.jpda.ui [3.3.1 201609300101]
	org.netbeans.modules.xml.core/2 [1.43.1.4 4 201609300101]
	org.netbeans.modules.xml.xam/1 [1.32.1.1 1 201609300101]
	org.netbeans.api.xml.ui/1 [1.44.1 201609300101]
	org.netbeans.modules.xml.retriever/1 [1.31.1 201609300101]
	org.netbeans.modules.xml.schema.model/1 [1.32.1.1 1 201609300101]
	org.netbeans.modules.xml.axi [1.31.1 201609300101]
	org.netbeans.modules.editor.breadcrumbs/0 [1.17.1 201609300101]
	org.netbeans.modules.editor.bracesmatching/0 [1.39.1.55 201609300101]
	org.netbeans.modules.editor.deprecated.pre65formatting/0 [1.31.1.1.6.23.55 1 201609300101]
	org.netbeans.modules.editor.completion/1 [1.44.1.2 2 201609300101]
	org.netbeans.modules.editor.codetemplates/1 [1.43.1.1 1 201609300101]
	org.netbeans.modules.editor.actions/1 [1.31.1.55 201609300101]
	org.netbeans.modules.csl.types/1 [1.0.1 201609300101]
	org.netbeans.core.ui/1 [1.45.1 201609300101]
	org.netbeans.api.search [1.21.1 201609300101]
	org.netbeans.modules.jumpto/1 [1.53.2.1 1 201609300101]
	org.netbeans.modules.csl.api/2 [2.54.1.2.1.1.8.1 2 201609300101]
	org.netbeans.modules.editor.structure/1 [1.47.1.1 1 201609300101]
	org.netbeans.modules.xml.lexer [1.29.1 201609300101]
	org.netbeans.modules.xml.text/2 [1.53.1 201609300101]
	org.netbeans.modules.xml [1.31.1 201609300101]
	org.netbeans.modules.servletapi/1 [1.39.1 201609300101]
	org.netbeans.modules.httpserver/2 [2.36.1.42 42 201609300101]
	org.netbeans.modules.xsl/1 [1.43.1 201609300101]
	org.netbeans.modules.xml.xdm/1 [1.34.1.1 1 201609300101]
	org.netbeans.modules.xml.wsdl.model/1 [1.33.1.1 1 201609300101]
	org.netbeans.libs.xerces/1 [1.38.1.281 281 201609300101]
	org.netbeans.modules.xml.tax/2 [1.44.1.281 201609300101]
	org.netbeans.modules.xml.tools/2 [1.43.1 201609300101]
	org.netbeans.modules.xml.tools.java [1.29.1 201609300101]
	org.netbeans.modules.xml.schema.completion [1.30.1 201609300101]
	org.netbeans.modules.xml.multiview/1 [1.38.1.2 2 201609300101]
	org.netbeans.modules.xml.jaxb.api/1 [1.26.1 201609300101]
	org.netbeans.modules.options.java [1.14.1 201609300101]
	org.apache.tools.ant.module/3 [3.81.1.2 2 201609300101]
	org.netbeans.modules.xml.jaxb/1 [1.30.1 201609300101]
	org.netbeans.modules.xml.catalog.ui [2.3.1.4 201609300101]
	org.netbeans.modules.whitelist [1.23.1 201609300101]
	org.netbeans.core.execution/1 [1.41.1 201609300101]
	org.netbeans.modules.sendopts/2 [2.35.1 201609300101]
	org.netbeans.modules.favorites/1 [1.46.1 201609300101]
	org.netbeans.modules.projectui [1.58.1.8.9 201609300101]
	org.netbeans.modules.welcome/1 [1.42.1 201609300101]
	org.netbeans.core.ide/1 [1.41.1 201609300101]
	org.netbeans.modules.websvc.jaxwsmodelapi/1 [1.27.1 201609300101]
	org.netbeans.modules.websvc.saas.api [1.31.1 201609300101]
	org.netbeans.modules.websvc.saas.ui [1.28.1 201609300101]
	org.netbeans.modules.websvc.saas.services.zvents [1.27.1 201609300101]
	org.netbeans.modules.websvc.saas.services.zillow [1.27.1 201609300101]
	org.netbeans.modules.websvc.saas.services.weatherbug [1.27.1 201609300101]
	org.netbeans.modules.websvc.saas.services.strikeiron [1.28.1 201609300101]
	org.netbeans.modules.websvc.saas.services.google [1.28.1 201609300101]
	org.netbeans.modules.websvc.saas.services.flickr [1.28.1 201609300101]
	org.netbeans.modules.websvc.saas.services.delicious [1.27.1 201609300101]
	org.netbeans.modules.websvc.saas.services.amazon [1.28.1 201609300101]
	org.netbeans.modules.websvc.saas.codegen [1.30.1 201609300101]
	org.netbeans.core.multitabs/1 [1.12.1.1 1 201609300101]
	org.netbeans.modules.editor.bookmarks/1 [1.37.1 201609300101]
	org.netbeans.modules.extexecution.base/2 [1.4.1 201609300101]
	org.netbeans.modules.extexecution/2 [1.48.1 201609300101]
	org.netbeans.modules.extbrowser/1 [1.53.1 201609300101]
	org.netbeans.modules.editor.plain.lib/1 [1.33.1 201609300101]
	org.netbeans.modules.terminal [1.27.1 201609300101]
	com.jcraft.jsch [0.1.53 0.1.53]
	org.netbeans.libs.jna/1 [1.44.1 201609300101]
	org.netbeans.modules.dlight.nativeexecution [1.39.24.1 1 201609300101]
	org.netbeans.lib.terminalemulator [1.37.7 201609300101]
	org.netbeans.modules.terminal.nb [1.0.1 201609300101]
	org.netbeans.modules.dlight.terminal [1.23.5.1 1 201609300101]
	org.netbeans.modules.tasklist.projectint/1 [1.29.1 201609300101]
	org.netbeans.modules.tasklist.todo/1 [1.31.1.1 1 201609300101]
	org.netbeans.modules.tasklist.ui/1 [1.31.1.1.1 1 201609300101]
	org.netbeans.modules.tasklist.kit [1.28.1 201609300101]
	org.netbeans.core.multitabs.project [1.10.1.1.1 1 201609300101]
	org.netbeans.modules.editor.search [1.25.1.0.55 0 201609300101]
	org.netbeans.modules.languages.diff [1.33.1 201609300101]
	org.netbeans.libs.json_simple/1 [0.12.1 201609300101]
	org.netbeans.modules.web.common [1.98.1 201609300101]
	org.netbeans.modules.html.lexer/1 [1.38.1 201609300101]
	org.netbeans.modules.html.editor.lib/3 [3.32.1 201609300101]
	org.apache.commons.logging [1.1.1 1.1.1]
	org.netbeans.modules.html.parser/1 [1.34.1.1 1 201609300101]
	org.netbeans.modules.html.validation/1 [1.30.1 201609300101]
	org.netbeans.modules.languages.manifest [1.32.1 201609300101]
	org.netbeans.libs.antlr3.runtime [1.21.1.1 1 201609300101]
	org.netbeans.modules.css.lib/1 [1.82.1 201609300101]
	org.netbeans.modules.web.common.ui [1.1.1 201609300101]
	org.netbeans.modules.web.indent [1.20.1 201609300101]
	org.netbeans.modules.css.model [1.31.1 201609300101]
	org.netbeans.modules.css.editor/1 [1.68.1 201609300101]
	org.netbeans.modules.web.browser.api [1.45.1 201609300101]
	org.netbeans.modules.html/1 [1.61.1 201609300101]
	org.netbeans.modules.html.editor/2 [2.55.1 201609300101]
	org.netbeans.core.output2/1 [1.41.1 201609300101]
	org.netbeans.modules.css.visual/3 [3.32.1 201609300101]
	org.netbeans.modules.properties/1 [1.55.1 201609300101]
	org.netbeans.libs.bytelist/1 [0.28.1.1 1 201609300101]
	org.netbeans.libs.jvyamlb/1 [0.29.1 201609300101]
	org.netbeans.modules.languages.yaml [2.32.1 201609300101]
	org.netbeans.modules.image/1 [1.48.1 201609300101]
	org.netbeans.modules.editor.kit [1.32.1 201609300101]
	org.netbeans.modules.print [7.26.1 201609300101]
	org.netbeans.modules.autoupdate.cli [1.13.1 201609300101]
	org.netbeans.libs.osgi [1.21.1 201609300101]
	org.netbeans.libs.felix [2.15.1 201609300101]
	org.netbeans.modules.core.kit [1.30.1 201609300101]
	org.netbeans.modules.defaults/1 [1.31.1 201609300101]
	org.netbeans.modules.print.editor [7.26.1 201609300101]
	org.netbeans.modules.utilities/1 [1.61.1 201609300101]
	org.netbeans.modules.javahelp/1 [2.41.1 201609300101]
	org.netbeans.modules.usersguide/1 [1.48.1 201609300101]
	org.netbeans.modules.editor.macros/0 [1.31.1.1.23 1 201609300101]
	org.netbeans.modules.editor.plain/2 [1.35.1 201609300101]
	org.netbeans.modules.ide.kit [1.33.1 201609300101]
	org.netbeans.modules.websvc.saas.kit [1.27.1 201609300101]
	org.netbeans.modules.websvc.jaxws21api/1 [1.32.1 201609300101]
	org.netbeans.libs.jaxb/1 [1.31.1 201609300101]
	org.netbeans.modules.websvc.jaxws21/1 [1.32.1 201609300101]
	org.netbeans.modules.web.webkit.debugging [1.53.1 201609300101]
	org.netbeans.modules.versioning.core/1 [1.30.1.1.42 1 201609300101]
	org.netbeans.modules.versioning/1 [1.47.1.1 1 201609300101]
	org.netbeans.modules.spellchecker.apimodule [1.25.1 201609300101]
	org.netbeans.modules.versioning.util [1.69.1.42.1 201609300101]
	org.netbeans.modules.team.commons [1.50.1 201609300101]
	org.netbeans.modules.versioning.ui/1 [1.22.1.42.1 201609300101]
	org.netbeans.modules.versioning.system.cvss.installer [1.16.1 201609300101]
	org.netbeans.modules.masterfs.ui [2.3.1.2 201609300101]
	org.netbeans.modules.versioning.masterfs [1.14.1 201609300101]
	org.netbeans.modules.versioning.indexingbridge/0 [1.25.1 201609300101]
	org.netbeans.modules.utilities.project/1 [1.38.1 201609300101]
	org.netbeans.modules.updatecenters/1 [1.40.1 201609300101]
	org.netbeans.lib.uihandler [1.45.1 201609300101]
	org.netbeans.modules.uihandler [2.35.1 201609300101]
	org.netbeans.modules.uihandler.exceptionreporter [1.29.1 201609300101]
	org.netbeans.modules.project.libraries.ui/1 [1.52.1 201609300101]
	org.netbeans.modules.project.ant.ui/1 [1.65.1 201609300101]
	org.netbeans.modules.java.platform.ui/1 [1.41.1 201609300101]
	org.netbeans.modules.java.project.ui/1 [1.69.1 201609300101]
	org.netbeans.modules.java.sourceui/1 [1.43.1.1.25.32.2 1 201609300101]
	org.netbeans.modules.gsf.testrunner/2 [2.9.1 201609300101]
	org.netbeans.modules.gsf.testrunner.ui [1.10.1 201609300101]
	org.netbeans.modules.java.testrunner [1.19.1 201609300101]
	org.netbeans.modules.java.testrunner.ui [1.4.1 201609300101]
	org.netbeans.modules.gototest/1 [1.33.1 201609300101]
	org.netbeans.libs.testng/1 [1.14.1 201609300101]
	org.netbeans.modules.testng [2.20.1 201609300101]
	org.netbeans.modules.testng.ui [1.8.1 201609300101]
	org.jdesktop.beansbinding/1 [1.27.1.121 121 201609300101]
	org.netbeans.modules.maven.embedder/2 [2.52.1 201609300101]
	org.netbeans.modules.maven.indexer/2 [2.38.1 201609300101]
	org.apache.commons.codec [1.3.0 1.3.0]
	org.netbeans.modules.maven.model/1 [1.42.1 201609300101]
	org.netbeans.modules.java.api.common/0 [1.82.1 201609300101]
	org.netbeans.modules.swing.validation/2 [1.32.1 201609300101]
	org.netbeans.modules.maven.indexer.ui/2 [2.34.1 201609300101]
	org.netbeans.modules.maven/2 [2.121.1 201609300101]
	org.netbeans.modules.testng.maven [2.16.1 201609300101]
	org.netbeans.modules.java.testrunner.ant [1.2.1 201609300101]
	org.netbeans.modules.testng.ant [2.15.1 201609300101]
	org.netbeans.modules.templates/1 [1.7.1 201609300101]
	org.netbeans.libs.swingx/1 [1.27.1 201609300101]
	org.netbeans.modules.team.ide [1.13.1 201609300101]
	org.netbeans.libs.ini4j/1 [1.34.1 201609300101]
	org.netbeans.libs.svnClientAdapter/1 [1.40.1 201609300101]
	org.netbeans.modules.subversion [1.41.1.42.1 201609300101]
	org.netbeans.libs.cglib/1 [1.26.1 201609300101]
	org.netbeans.libs.springframework/1 [1.37.1 201609300101]
	org.netbeans.modules.j2ee.core.utilities/0 [1.33.1 201609300101]
	org.netbeans.modules.j2ee.metadata/0 [1.32.1 201609300101]
	org.netbeans.modules.ant.browsetask [1.40.1 201609300101]
	org.netbeans.modules.ant.debugger/1 [1.37.1.2 201609300101]
	org.netbeans.modules.ant.freeform/1 [1.46.1 201609300101]
	org.netbeans.modules.projectui.buildmenu/1 [1.26.1.1 1 201609300101]
	org.netbeans.modules.ant.kit [1.29.1 201609300101]
	org.netbeans.modules.i18n/1 [1.53.1 201609300101]
	org.netbeans.modules.refactoring.java/1 [1.59.1.1.25 1 201609300101]
	org.netbeans.modules.j2ee.metadata.model.support/1 [1.31.1 201609300101]
	org.netbeans.modules.j2ee.persistenceapi/1 [1.34.1.1 1 201609300101]
	org.netbeans.modules.debugger.jpda.ant [1.38.1 201609300101]
	org.netbeans.modules.java.j2seproject/1 [1.80.1.48 48 201609300101]
	org.netbeans.modules.javawebstart [1.33.1 201609300101]
	org.netbeans.libs.junit4 [1.17.1 201609300101]
	org.netbeans.modules.junitlib [1.4.1 201609300101]
	org.netbeans.modules.junit/2 [2.72.1 201609300101]
	org.netbeans.modules.java.freeform/1 [1.43.1 201609300101]
	org.netbeans.modules.java.j2seembedded [1.9.1 201609300101]
	org.netbeans.modules.java.debug [1.38.1.1.25.2 1 201609300101]
	org.netbeans.modules.java.examples/1 [1.36.1 201609300101]
	org.netbeans.modules.java.hints.ui [1.18.1.1.13 1 201609300101]
	org.netbeans.modules.java.completion [1.6.1.1 1 201609300101]
	org.netbeans.modules.java.editor.lib/1 [1.38.1 201609300101]
	org.netbeans.modules.java.editor.base [2.65.1.1 1 201609300101]
	org.netbeans.modules.java.editor/1 [2.67.1.12.1.1.1 12 201609300101]
	org.netbeans.modules.java.navigation/1 [1.39.1 201609300101]
	org.netbeans.modules.findbugs.installer [1.16.1 201609300101]
	org.netbeans.modules.java.hints.legacy.spi/1 [1.15.1.1.13 1 201609300101]
	org.netbeans.modules.java.hints/1 [1.82.1.16.25.12.1.1.32.2.1.13 16 201609300101]
	org.netbeans.modules.java.hints.declarative/1 [1.20.1.1.16.1.13 1 201609300101]
	org.netbeans.modules.java.j2seprofiles [1.8.1 201609300101]
	org.netbeans.modules.java.j2sedeploy [1.12.1 201609300101]
	org.netbeans.modules.java.j2seplatform/1 [1.41.1 201609300101]
	org.netbeans.modules.javadoc/1 [1.55.1.2.25 2 201609300101]
	org.netbeans.modules.nashorn.execution/1 [1.6.1 201609300101]
	org.netbeans.modules.beans/1 [1.51.1.1.12 1 201609300101]
	org.netbeans.modules.spellchecker.bindings.java/1 [1.30.1 201609300101]
	org.netbeans.modules.java.source.ant [1.31.1.1.2 1 201609300101]
	org.netbeans.modules.projectimport.eclipse.core/1 [2.30.1 201609300101]
	org.netbeans.modules.java.kit [1.35.1 201609300101]
	org.netbeans.modules.spring.beans/0 [1.39.1.1 1 201609300101]
	org.netbeans.modules.spellchecker [1.35.1.1.7 1 201609300101]
	org.netbeans.modules.spellchecker.kit [1.25.1 201609300101]
	org.netbeans.modules.spellchecker.dictionary_en [1.22.1 201609300101]
	org.netbeans.modules.properties.syntax/1 [1.50.1 201609300101]
	org.netbeans.modules.spellchecker.bindings.properties [1.22.1 201609300101]
	org.netbeans.modules.spellchecker.bindings.htmlxml [1.27.1 201609300101]
	org.netbeans.modules.server/0 [1.33.1 201609300101]
	org.netbeans.modules.selenium2.server [1.3.1 201609300101]
	org.netbeans.modules.selenium2 [1.5.1 201609300101]
	org.netbeans.modules.selenium2.java [1.2.1 201609300101]
	org.netbeans.modules.selenium2.maven [1.2.1 201609300101]
	org.netbeans.modules.schema2beans/1 [1.47.1 201609300101]
	org.netbeans.modules.projectimport.eclipse.j2se [1.28.1.48 201609300101]
	org.netbeans.modules.projectapi.nb [1.3.1 201609300101]
	org.netbeans.modules.project.spi.intern.impl [1.3.1 201609300101]
	org.netbeans.modules.progress.ui [1.33.1 201609300101]
	org.netbeans.modules.profiler.utilities/1 [1.37.1 201609300101]
	org.netbeans.lib.profiler/1 [1.99.1 201609300101]
	org.netbeans.lib.profiler.charts/1 [1.30.1 201609300101]
	org.netbeans.lib.profiler.common/1 [1.46.1 201609300101]
	org.netbeans.modules.profiler.api/1 [1.46.1 201609300101]
	org.netbeans.lib.profiler.ui/1 [1.128.1 201609300101]
	org.netbeans.modules.profiler.attach/2 [2.21.1 201609300101]
	org.netbeans.modules.profiler/3 [3.27.1 201609300101]
	org.netbeans.modules.profiler.snaptracer/1 [1.23.1 201609300101]
	org.netbeans.modules.profiler.projectsupport [1.33.1 201609300101]
	org.netbeans.modules.profiler.ppoints [1.24.1 201609300101]
	org.netbeans.modules.profiler.oql/2 [2.16.1 201609300101]
	org.netbeans.modules.profiler.oql.language/0 [0.28.1 201609300101]
	org.netbeans.modules.profiler.options [1.19.1 201609300101]
	org.netbeans.modules.profiler.nbimpl/1 [1.25.1 201609300101]
	org.netbeans.modules.profiler.nbmodule/1 [1.35.1 201609300101]
	org.netbeans.modules.profiler.heapwalker [1.106.1 201609300101]
	org.netbeans.modules.profiler.kit [1.19.1 201609300101]
	org.netbeans.modules.profiler.j2se/1 [1.36.1 201609300101]
	org.netbeans.modules.profiler.freeform/1 [1.35.1 201609300101]
	org.netbeans.modules.parsing.ui [1.14.1.1 201609300101]
	org.netbeans.modules.parsing.nb [1.3.1.8.1 201609300101]
	org.netbeans.modules.notifications [1.8.1 201609300101]
	org.netbeans.core.netigso [1.31.1 201609300101]
	org.netbeans.modules.netbinox [1.41.1 201609300101]
	org.eclipse.mylyn.commons.net [3.17.0 3.17.0.v20150706-2057]
	org.eclipse.mylyn.tasks.core [3.17.0 3.17.0.v20150828-2026]
	org.eclipse.core.jobs [3.5.101 3.5.101.v20120113-1953]
	org.eclipse.mylyn.wikitext.core [2.6.0 2.6.0.v20150901-2143]
	org.netbeans.modules.bugtracking [1.109.1 201609300101]
	org.eclipse.equinox.common [3.6.0 3.6.0.v20110523]
	org.eclipse.core.runtime [3.7.0 3.7.0.v20110110]
	org.netbeans.modules.mylyn.util [1.35.1 201609300101]
	org.netbeans.modules.mercurial [1.42.1.42.1 201609300101]
	org.netbeans.modules.maven.spring/1 [1.29.1 201609300101]
	org.netbeans.modules.gsf.codecoverage [1.32.1 201609300101]
	org.netbeans.modules.maven.coverage [1.23.1 201609300101]
	org.netbeans.modules.maven.repository/1 [1.42.1 201609300101]
	org.netbeans.api.visual [2.47.1 201609300101]
	org.netbeans.modules.maven.graph/1 [1.32.1 201609300101]
	org.netbeans.modules.maven.grammar/1 [1.47.1.1 201609300101]
	org.netbeans.modules.maven.osgi/1 [1.35.1 201609300101]
	org.netbeans.modules.maven.refactoring [1.20.1 201609300101]
	org.netbeans.modules.maven.checkstyle [1.17.1 201609300101]
	org.netbeans.modules.maven.kit/1 [4.31.1 201609300101]
	org.netbeans.modules.maven.search [1.32.1 201609300101]
	org.netbeans.modules.maven.profiler/1 [1.32.1 201609300101]
	org.netbeans.modules.maven.persistence/1 [1.29.1 201609300101]
	org.netbeans.modules.junit.ui [1.4.1 201609300101]
	org.netbeans.modules.maven.junit.ui [1.4.1 201609300101]
	org.netbeans.modules.maven.junit/1 [1.33.1 201609300101]
	org.netbeans.modules.maven.hints/1 [1.40.1 201609300101]
	org.netbeans.libs.freemarker/1 [2.34.1.238 238 201609300101]
	org.netbeans.modules.apisupport.project/1 [1.76.1 201609300101]
	org.netbeans.modules.maven.apisupport/1 [1.59.1 201609300101]
	org.netbeans.modules.masterfs.nio2 [1.15.1 201609300101]
	org.netbeans.modules.masterfs.linux [1.13.1 201609300101]
	org.netbeans.modules.bugtracking.commons [1.8.1 201609300101]
	org.netbeans.modules.localtasks [1.25.1 201609300101]
	org.netbeans.modules.localhistory [1.34.1 201609300101]
	org.netbeans.modules.lexer.nbbridge/1 [1.32.1.1 201609300101]
	org.netbeans.modules.keyring.fallback [1.8.1 201609300101]
	org.netbeans.modules.keyring.impl [1.24.1 201609300101]
	org.netbeans.modules.junit.ant.ui [1.5.1 201609300101]
	org.netbeans.modules.junit.ant [1.3.1 201609300101]
	org.netbeans.modules.javascript2.debug/1 [1.17.1 201609300101]
	org.netbeans.modules.javascript2.debug.ui/1 [1.3.1 201609300101]
	org.netbeans.modules.javafx2.platform [1.26.1 201609300101]
	org.netbeans.modules.javafx2.project [1.30.1 201609300101]
	org.netbeans.modules.javafx2.editor [1.21.1.12.2 201609300101]
	org.netbeans.modules.javafx2.scenebuilder [1.17.1 201609300101]
	org.netbeans.modules.javafx2.samples [1.17.1 201609300101]
	org.netbeans.modules.j2ee.eclipselinkmodelgen/1 [1.32.1 201609300101]
	org.netbeans.modules.db.metadata.model/1 [1.11.1 201609300101]
	org.netbeans.modules.db/1 [1.66.1.30 30 201609300101]
	org.netbeans.modules.dbapi [1.34.1.30 201609300101]
	org.netbeans.modules.dbschema/1 [1.41.1.4.30 4 201609300101]
	org.netbeans.modules.javaee.injection [1.6.1 201609300101]
	org.netbeans.modules.j2ee.eclipselink/1 [1.32.1 201609300101]
	org.netbeans.modules.j2ee.persistence [1.51.1.1 1 201609300101]
	org.netbeans.modules.j2ee.jpa.refactoring [1.31.1 201609300101]
	org.netbeans.modules.j2ee.jpa.verification [1.35.1 201609300101]
	org.netbeans.modules.db.dataview [1.33.1 201609300101]
	org.netbeans.modules.db.core [1.37.1 201609300101]
	org.netbeans.modules.db.sql.editor [1.36.1.30 201609300101]
	org.netbeans.modules.db.drivers [1.30.1 201609300101]
	org.netbeans.modules.db.sql.visualeditor/1 [2.31.1.30 201609300101]
	org.netbeans.modules.db.mysql [0.28.1.2 2 201609300101]
	org.netbeans.modules.derby [1.40.1 201609300101]
	org.netbeans.modules.db.kit [1.30.1 201609300101]
	org.netbeans.modules.j2ee.persistence.kit [1.32.1 201609300101]
	org.netbeans.modules.debugger.jpda.projects [1.37.1 201609300101]
	org.netbeans.modules.debugger.jpda.projectsui [1.2.1 201609300101]
	org.netbeans.modules.debugger.jpda/2 [1.99.1.80 80 201609300101]
	org.netbeans.modules.debugger.jpda.ui/1 [1.54.1 201609300101]
	org.netbeans.modules.debugger.jpda.visual/1 [1.17.1 201609300101]
	org.netbeans.modules.debugger.jpda.js/1 [1.10.1 201609300101]
	org.netbeans.modules.debugger.jpda.jsui/1 [1.0.1 201609300101]
	org.netbeans.modules.debugger.jpda.kit [1.15.1 201609300101]
	org.netbeans.modules.java.guards/0 [0.31.1 201609300101]
	org.netbeans.modules.java.source.queries [1.18.1 201609300101]
	org.netbeans.modules.form/2 [1.57.1.4 4 201609300101]
	org.jdesktop.layout/1 [1.33.1 201609300101]
	org.netbeans.modules.form.nb/0 [0.18.1.1.4 1 201609300101]
	org.netbeans.modules.form.binding/0 [0.17.1.1.4.1 1 201609300101]
	org.netbeans.modules.i18n.form/2 [1.50.1.4.1 201609300101]
	org.netbeans.modules.form.refactoring/0 [0.17.1.1.4.1 1 201609300101]
	org.netbeans.modules.form.kit [1.28.1 201609300101]
	org.netbeans.modules.javafx2.kit [1.17.1 201609300101]
	org.netbeans.modules.java.source.queriesimpl [1.17.1 201609300101]
	org.netbeans.modules.java.metrics [1.8.1 201609300101]
	org.netbeans.modules.autoupdate.pluginimporter [1.20.1 201609300101]
	org.netbeans.modules.deadlock.detector [1.6.1 201609300101]
	org.netbeans.modules.ide.branding/1 [1.32.1 201609300101]
	org.netbeans.modules.ide.branding.kit [1.28.1 201609300101]
	org.netbeans.libs.commons_net/2 [2.21.1.33 33 201609300101]
	org.netbeans.modules.hudson [2.13.1 201609300101]
	org.netbeans.modules.hudson.ui [1.11.1 201609300101]
	org.netbeans.modules.hudson.tasklist [1.17.1 201609300101]
	org.netbeans.modules.hudson.subversion [1.29.1 201609300101]
	org.netbeans.modules.hudson.mercurial [1.29.1 201609300101]
	org.netbeans.modules.hudson.maven [1.29.1 201609300101]
	org.netbeans.modules.hudson.git [1.18.1 201609300101]
	org.netbeans.modules.hudson.ant [1.27.1 201609300101]
	org.netbeans.modules.html.custom [1.6.1 201609300101]
	org.netbeans.modules.hibernate4lib/1 [1.7.1.238 201609300101]
	org.netbeans.modules.hibernate/1 [1.33.1.1 1 201609300101]
	org.eclipse.jgit [3.6.2 3.6.2.201501210735-r]
	org.netbeans.libs.jna.platform/1 [1.14.1 201609300101]
	org.netbeans.libs.jsch.agentproxy/1 [0.14.1 201609300101]
	org.netbeans.libs.git/1 [1.33.1 201609300101]
	org.netbeans.modules.git [1.22.1.1 201609300101]
	org.netbeans.modules.form.j2ee/0 [0.33.1.1.4.1 1 201609300101]
	org.apache.commons.io [1.4 1.4]
	org.netbeans.modules.extexecution.process [1.27.1 201609300101]
	org.netbeans.modules.extexecution.impl [1.25.1 201609300101]
	org.netbeans.modules.editor.mimelookup.impl/1 [1.32.1 201609300101]
	org.netbeans.modules.editor.global.format/1 [1.15.1.1 1 201609300101]
	org.netbeans.libs.commons_compress/0 [0.6.1.181 181 201609300101]
	org.netbeans.modules.docker.api/0 [1.20.1 201609300101]
	org.netbeans.modules.docker.ui/0 [1.0.1 201609300101]
	org.netbeans.modules.docker.editor/0 [1.0.1 201609300101]
	org.netbeans.modules.dlight.nativeexecution.nb [1.0.1 201609300101]
	org.netbeans.modules.debugger.jpda.heapwalk/1 [1.31.1 201609300101]
	org.netbeans.modules.css.prep [1.30.1 201609300101]
	org.eclipse.mylyn.bugzilla.core [3.17.0 3.17.0.v20150828-2026]
	org.apache.commons.httpclient [3.1.0 3.1.0]
	org.netbeans.modules.bugzilla [1.77.1 201609300101]
	org.netbeans.modules.bugzilla.exceptionreporter [1.24.1 201609300101]
	org.netbeans.modules.bugtracking.bridge [1.45.1 201609300101]
	org.netbeans.modules.apisupport.wizards [1.20.1 201609300101]
	org.netbeans.modules.apisupport.refactoring [1.37.1 201609300101]
	org.netbeans.modules.apisupport.ant [2.72.1 201609300101]
	org.netbeans.modules.apisupport.paintapp [1.31.1 201609300101]
	org.netbeans.modules.apisupport.osgidemo [1.23.1 201609300101]
	org.netbeans.libs.nbi.ant [1.22.1 201609300101]
	org.netbeans.libs.nbi.engine [1.21.1 201609300101]
	org.netbeans.modules.apisupport.installer [1.23.1 201609300101]
	org.netbeans.modules.apisupport.feedreader/1 [1.34.1 201609300101]
	org.netbeans.modules.apisupport.harness [1.42.1 201609300101]
	org.netbeans.modules.apisupport.crudsample [1.23.1 201609300101]
	org.netbeans.modules.apisupport.kit [1.30.1 201609300101]
	org.netbeans.modules.apisupport.installer.maven [1.22.1 201609300101]
	org.netbeans.modules.ant.grammar/1 [1.44.1 201609300101]
	org.netbeans.libs.svnClientAdapter.svnkit/1 [1.24.1 201609300101]
	org.netbeans.libs.svnClientAdapter.javahl/1 [1.24.1 201609300101]
	org.netbeans.core.network [1.10.1 201609300101]
	org.netbeans.core.nativeaccess/1 [1.31.1 201609300101]
	org.netbeans.core.io.ui/1 [1.30.1 201609300101]
	org.netbeans.core.browser/1 [1.28.1.1 1 201609300101]
	org.eclipse.mylyn.commons.xmlrpc [3.17.0 3.17.0.v20150625-2042]
	org.eclipse.mylyn.commons.repositories.core [1.9.0 1.9.0.v20150625-2042]
	org.eclipse.mylyn.commons.core [3.17.0 3.17.0.v20150625-2042]
	org.eclipse.equinox.security [1.1.1 1.1.1.R37x_v20110822-1018]
	org.eclipse.equinox.registry [3.5.200 3.5.200.v20120522-1841]
	org.eclipse.equinox.preferences [3.4.2 3.4.2.v20120111-2020]
	org.eclipse.equinox.app [1.3.100 1.3.100.v20110321]
	org.eclipse.core.runtime.compatibility.auth [3.2.200 3.2.200.v20110110]
	org.eclipse.core.net [1.2.100 1.2.100.I20110511-0800]
	org.eclipse.core.contenttype [3.4.100 3.4.100.v20110423-0524]
	org.apache.xmlrpc [3.0.0 3.0.0]
	org.apache.ws.commons.util [1.0.1 1.0.1]
	org.apache.commons.lang [2.6 2.6]
	com.jcraft.jzlib [1.0.7 1.0.7]
	com.googlecode.javaewah.JavaEWAH [0.7.9 0.7.9]
	com.google.guava [15.0.0 15.0.0]
INFO [org.netbeans.core.netigso.Netigso]: bundle org.eclipse.mylyn.wikitext.textile.core@2.6.0.v20150901-2143 resolved
INFO [org.netbeans.core.netigso.Netigso]: bundle org.eclipse.mylyn.wikitext.markdown.core@2.6.0.v20150901-2143 resolved
INFO [org.netbeans.core.netigso.Netigso]: bundle org.eclipse.jgit.java7@3.6.2.201501210735-r resolved
INFO [org.netbeans.core.netigso.Netigso]: bundle net.java.html@1.3.0 resolved
INFO [org.netbeans.core.netigso.Netigso]: bundle net.java.html.boot.fx@1.3.0 resolved
INFO [org.netbeans.core.netigso.Netigso]: bundle net.java.html.boot@1.3.0 resolved
INFO [org.netbeans.core.netigso.Netigso]: bundle net.java.html.json@1.3.0 resolved
INFO [org.netbeans.core.netigso.Netigso]: bundle org.netbeans.html.ko4j@1.3.0 resolved
INFO [org.netbeans.core.netigso.Netigso]: bundle net.java.html.geo@1.3.0 resolved
INFO [org.netbeans.core.netigso.Netigso]: bundle net.java.html.boot.script@1.3.0 resolved
INFO [org.netbeans.core.netigso.Netigso]: bundle net.java.html.sound@1.3.0 resolved
INFO [org.netbeans.core.netigso.Netigso]: bundle org.netbeans.html.xhr4j@1.3.0 resolved
INFO [org.netbeans.core.netigso.Netigso]: bundle org.eclipse.mylyn.wikitext.confluence.core@2.6.0.v20150901-2143 resolved
INFO [org.netbeans.core.netigso.Netigso]: bundle org.eclipse.osgi@3.9.1.v20140110-1610 started
INFO [org.netbeans.core.network.proxy.NetworkProxyReloader]: System network proxy resolver: Gnome
INFO [org.netbeans.core.network.proxy.gnome.GsettingsNetworkProxy]: GSettings system proxy resolver: direct connection
INFO [org.netbeans.core.network.proxy.NetworkProxyReloader]: System network proxy reloading succeeded.
INFO [org.netbeans.core.network.proxy.NetworkProxyReloader]: System network proxy - mode: direct
INFO [org.netbeans.core.network.proxy.NetworkProxyReloader]: System network proxy: fell to default (correct if direct mode went before)
Diagnostic information
Input arguments:
	-Djdk.home=/usr/lib/jvm/default
	-Dnetbeans.default_userdir_root=/home/antcc/.netbeans
	-Dnetbeans.running.environment=gnome
	-Dnetbeans.dirs=/usr/share/netbeans/nb:/usr/share/netbeans/ergonomics:/usr/share/netbeans/ide:/usr/share/netbeans/extide:/usr/share/netbeans/java:/usr/share/netbeans/apisupport:/usr/share/netbeans/webcommon:/usr/share/netbeans/websvccommon:/usr/share/netbeans/enterprise:/usr/share/netbeans/mobility:/usr/share/netbeans/profiler:/usr/share/netbeans/python:/usr/share/netbeans/php:/usr/share/netbeans/identity:/usr/share/netbeans/harness:/usr/share/netbeans/cnd:/usr/share/netbeans/cndext:/usr/share/netbeans/dlight:/usr/share/netbeans/groovy:/usr/share/netbeans/extra:/usr/share/netbeans/javacard:/usr/share/netbeans/javafx:
	-Dnetbeans.home=/usr/share/netbeans/platform
	-Dnetbeans.importclass=org.netbeans.upgrade.AutoUpgrade
	-Dnetbeans.accept_license_class=org.netbeans.license.AcceptLicense
	-Xmx1024m
	-Xss2m
	-Xms32m
	-Dapple.laf.useScreenMenuBar=true
	-Dapple.awt.graphics.UseQuartz=true
	-Dsun.java2d.noddraw=true
	-Dsun.java2d.dpiaware=true
	-Dsun.zip.disableMemoryMapping=true
	-DaddExports:java.desktop/sun.awt=ALL-UNNAMED
	-DaddExports:java.base/jdk.internal.jrtfs=ALL-UNNAMED
	-DaddExports:java.desktop/java.awt.peer=ALL-UNNAMED
	-DaddExports:java.desktop/com.sun.beans.editors=ALL-UNNAMED
	-DaddExports:java.desktop/sun.awt.im=ALL-UNNAMED
	-DaddExports:java.desktop/com.sun.java.swing.plaf.gtk=ALL-UNNAMED
	-DaddExports:java.management/sun.management=ALL-UNNAMED
	-XX:+HeapDumpOnOutOfMemoryError
	-XX:HeapDumpPath=/home/antcc/.netbeans/8.2/var/log/heapdump.hprof
Compiler: HotSpot 64-Bit Tiered Compilers
Heap memory usage: initial 32,0MB maximum 910,5MB
Non heap memory usage: initial 2,4MB maximum -1b
Garbage collector: PS Scavenge (Collections=18 Total time spent=0s)
Garbage collector: PS MarkSweep (Collections=3 Total time spent=0s)
Classes: loaded=7366 total loaded=7366 unloaded 0
INFO [org.netbeans.core.ui.warmup.DiagnosticTask]: Total memory 8.251.699.200
INFO [org.netbeans.modules.autoupdate.updateprovider.AutoupdateCatalogParser]: Unpaired license 00000008 without any module.
INFO [null]: Last record repeated 2 more times.
